[debug] [2025-10-26T12:21:46.411Z] ----------------------------------------------------------------------
[debug] [2025-10-26T12:21:46.412Z] Command:       /usr/local/bin/node /home/runner/work/admin/admin/node_modules/.bin/firebase emulators:start --project demo-test-project
[debug] [2025-10-26T12:21:46.413Z] CLI Version:   13.35.1
[debug] [2025-10-26T12:21:46.413Z] Platform:      linux
[debug] [2025-10-26T12:21:46.413Z] Node Version:  v20.19.5
[debug] [2025-10-26T12:21:46.413Z] Time:          Sun Oct 26 2025 12:21:46 GMT+0000 (Coordinated Universal Time)
[debug] [2025-10-26T12:21:46.413Z] Env Overrides: GITHUB_API_URL, GITHUB_API_URL
[debug] [2025-10-26T12:21:46.413Z] ----------------------------------------------------------------------
[debug] 
[debug] [2025-10-26T12:21:46.415Z] >>> [apiv2][query] GET https://firebase-public.firebaseio.com/cli.json [none]
[debug] [2025-10-26T12:21:46.681Z] > command requires scopes: ["email","openid","https://www.googleapis.com/auth/cloudplatformprojects.readonly","https://www.googleapis.com/auth/firebase","https://www.googleapis.com/auth/cloud-platform"]
[debug] Failed to authenticate, have you run firebase login?
[warn] ⚠  emulators: You are not currently authenticated so some features may not work correctly. Please run firebase login to authenticate the CLI. 
[debug] [2025-10-26T12:21:46.748Z] openjdk version "17.0.16" 2025-07-15
OpenJDK Runtime Environment Temurin-17.0.16+8 (build 17.0.16+8)
OpenJDK 64-Bit Server VM Temurin-17.0.16+8 (build 17.0.16+8, mixed mode, sharing)

[debug] [2025-10-26T12:21:46.755Z] Parsed Java major version: 17
[info] i  emulators: Starting emulators: auth, firestore, hosting {"metadata":{"emulator":{"name":"hub"},"message":"Starting emulators: auth, firestore, hosting"}}
[info] i  emulators: Detected demo project ID "demo-test-project", emulated services will use a demo configuration and attempts to access non-emulated services for this project will fail. {"metadata":{"emulator":{"name":"hub"},"message":"Detected demo project ID \"demo-test-project\", emulated services will use a demo configuration and attempts to access non-emulated services for this project will fail."}}
[debug] [2025-10-26T12:21:46.760Z] [logging] Logging Emulator only supports listening on one address (127.0.0.1). Not listening on ::1
[debug] [2025-10-26T12:21:46.760Z] [auth] Authentication Emulator only supports listening on one address (127.0.0.1). Not listening on ::1
[debug] [2025-10-26T12:21:46.760Z] [firestore] Firestore Emulator only supports listening on one address (127.0.0.1). Not listening on ::1
[debug] [2025-10-26T12:21:46.760Z] [firestore.websocket] websocket server for firestore only supports listening on one address (127.0.0.1). Not listening on ::1
[debug] [2025-10-26T12:21:46.761Z] [hosting] Hosting Emulator only supports listening on one address (127.0.0.1). Not listening on ::1
[debug] [2025-10-26T12:21:46.761Z] assigned listening specs for emulators {"user":{"hub":[{"address":"127.0.0.1","family":"IPv4","port":4400},{"address":"::1","family":"IPv6","port":4400}],"ui":[{"address":"127.0.0.1","family":"IPv4","port":4000},{"address":"::1","family":"IPv6","port":4000}],"logging":[{"address":"127.0.0.1","family":"IPv4","port":4500}],"auth":[{"address":"127.0.0.1","family":"IPv4","port":9099}],"firestore":[{"address":"127.0.0.1","family":"IPv4","port":8080}],"firestore.websocket":[{"address":"127.0.0.1","family":"IPv4","port":9150}],"hosting":[{"address":"127.0.0.1","family":"IPv4","port":5000}]},"metadata":{"message":"assigned listening specs for emulators"}}
[debug] [2025-10-26T12:21:46.764Z] [hub] writing locator at /tmp/hub-demo-test-project.json
[warn] ⚠  firestore: Cloud Firestore Emulator does not support multiple databases yet. {"metadata":{"emulator":{"name":"firestore"},"message":"Cloud Firestore Emulator does not support multiple databases yet."}}
[warn] ⚠  firestore: Did not find a Cloud Firestore rules file specified in a firebase.json config file. {"metadata":{"emulator":{"name":"firestore"},"message":"Did not find a Cloud Firestore rules file specified in a firebase.json config file."}}
[warn] ⚠  firestore: The emulator will default to allowing all reads and writes. Learn more about this option: https://firebase.google.com/docs/emulator-suite/install_and_configure#security_rules_configuration. {"metadata":{"emulator":{"name":"firestore"},"message":"The emulator will default to allowing all reads and writes. Learn more about this option: https://firebase.google.com/docs/emulator-suite/install_and_configure#security_rules_configuration."}}
[warn] ⚠  It appears you are running in a CI environment. You can avoid downloading the Firestore Emulator repeatedly by caching the /home/runner/.cache/firebase/emulators directory. 
[info] i  firestore: downloading cloud-firestore-emulator-v1.19.8.jar... {"metadata":{"emulator":{"name":"firestore"},"message":"downloading cloud-firestore-emulator-v1.19.8.jar..."}}
[debug] [2025-10-26T12:21:46.771Z] >>> [apiv2][query] GET https://storage.googleapis.com/firebase-preview-drop/emulator/cloud-firestore-emulator-v1.19.8.jar 
[debug] [2025-10-26T12:21:47.260Z] <<< [apiv2][status] GET https://storage.googleapis.com/firebase-preview-drop/emulator/cloud-firestore-emulator-v1.19.8.jar 200
[debug] [2025-10-26T12:21:47.261Z] <<< [apiv2][body] GET https://storage.googleapis.com/firebase-preview-drop/emulator/cloud-firestore-emulator-v1.19.8.jar [stream]
[debug] [2025-10-26T12:21:47.435Z] <<< [apiv2][status] GET https://firebase-public.firebaseio.com/cli.json 200
[debug] [2025-10-26T12:21:47.436Z] <<< [apiv2][body] GET https://firebase-public.firebaseio.com/cli.json {"cloudBuildErrorAfter":1594252800000,"cloudBuildWarnAfter":1590019200000,"defaultNode10After":1594252800000,"minVersion":"3.0.5","node8DeploysDisabledAfter":1613390400000,"node8RuntimeDisabledAfter":1615809600000,"node8WarnAfter":1600128000000}
[debug] [2025-10-26T12:21:48.352Z] Ignoring unsupported arg: auto_download {"metadata":{"emulator":{"name":"firestore"},"message":"Ignoring unsupported arg: auto_download"}}
[debug] [2025-10-26T12:21:48.352Z] Ignoring unsupported arg: single_project_mode_error {"metadata":{"emulator":{"name":"firestore"},"message":"Ignoring unsupported arg: single_project_mode_error"}}
[debug] [2025-10-26T12:21:48.352Z] Starting Firestore Emulator with command {"binary":"java","args":["-Dgoogle.cloud_firestore.debug_log_level=FINE","-Duser.language=en","-jar","/home/runner/.cache/firebase/emulators/cloud-firestore-emulator-v1.19.8.jar","--host","127.0.0.1","--port",8080,"--websocket_port",9150,"--project_id","demo-test-project","--single_project_mode",true],"optionalArgs":["port","webchannel_port","host","rules","websocket_port","functions_emulator","seed_from_export","project_id","single_project_mode"],"joinArgs":false,"shell":false,"port":8080} {"metadata":{"emulator":{"name":"firestore"},"message":"Starting Firestore Emulator with command {\"binary\":\"java\",\"args\":[\"-Dgoogle.cloud_firestore.debug_log_level=FINE\",\"-Duser.language=en\",\"-jar\",\"/home/runner/.cache/firebase/emulators/cloud-firestore-emulator-v1.19.8.jar\",\"--host\",\"127.0.0.1\",\"--port\",8080,\"--websocket_port\",9150,\"--project_id\",\"demo-test-project\",\"--single_project_mode\",true],\"optionalArgs\":[\"port\",\"webchannel_port\",\"host\",\"rules\",\"websocket_port\",\"functions_emulator\",\"seed_from_export\",\"project_id\",\"single_project_mode\"],\"joinArgs\":false,\"shell\":false,\"port\":8080}"}}
[info] i  firestore: Firestore Emulator logging to firestore-debug.log {"metadata":{"emulator":{"name":"firestore"},"message":"Firestore Emulator logging to \u001b[1mfirestore-debug.log\u001b[22m"}}
[debug] [2025-10-26T12:21:49.742Z] Oct 26, 2025 12:21:49 PM com.google.cloud.datastore.emulator.firestore.websocket.WebSocketServer start
INFO: Started WebSocket server on ws://127.0.0.1:9150
 {"metadata":{"emulator":{"name":"firestore"},"message":"Oct 26, 2025 12:21:49 PM com.google.cloud.datastore.emulator.firestore.websocket.WebSocketServer start\nINFO: Started WebSocket server on ws://127.0.0.1:9150\n"}}
[debug] [2025-10-26T12:21:49.768Z] API endpoint: http://127.0.0.1:8080
If you are using a library that supports the FIRESTORE_EMULATOR_HOST environment variable, run:

   export FIRESTORE_EMULATOR_HOST=127.0.0.1:8080

If you are running a Firestore in Datastore Mode project, run:

   export DATASTORE_EMULATOR_HOST=127.0.0.1:8080

Note: Support for Datastore Mode is in preview. If you encounter any bugs please file at https://github.com/firebase/firebase-tools/issues.
Dev App Server is now running.

 {"metadata":{"emulator":{"name":"firestore"},"message":"API endpoint: http://127.0.0.1:8080\nIf you are using a library that supports the FIRESTORE_EMULATOR_HOST environment variable, run:\n\n   export FIRESTORE_EMULATOR_HOST=127.0.0.1:8080\n\nIf you are running a Firestore in Datastore Mode project, run:\n\n   export DATASTORE_EMULATOR_HOST=127.0.0.1:8080\n\nNote: Support for Datastore Mode is in preview. If you encounter any bugs please file at https://github.com/firebase/firebase-tools/issues.\nDev App Server is now running.\n\n"}}
[info] ✔  firestore: Firestore Emulator UI websocket is running on 9150. {"metadata":{"emulator":{"name":"firestore"},"message":"Firestore Emulator UI websocket is running on 9150."}}
[debug] [2025-10-26T12:21:56.277Z] No OAuth tokens found
[debug] [2025-10-26T12:21:56.277Z] No OAuth tokens found
[debug] [2025-10-26T12:21:56.277Z] > command requires scopes: ["email","openid","https://www.googleapis.com/auth/cloudplatformprojects.readonly","https://www.googleapis.com/auth/firebase","https://www.googleapis.com/auth/cloud-platform"]
[debug] [2025-10-26T12:21:56.277Z] Failed to authenticate, have you run firebase login? (original: Could not load the default credentials. Browse to https://cloud.google.com/docs/authentication/getting-started for more information.)
[info] i  hosting[demo-test-project]: Serving hosting files from: build {"metadata":{"emulator":{"name":"hosting"},"message":"Serving hosting files from: \u001b[1mbuild\u001b[22m"}}
[info] ✔  hosting[demo-test-project]: Local server: http://127.0.0.1:5000 {"metadata":{"emulator":{"name":"hosting"},"message":"Local server: \u001b[4m\u001b[1mhttp://127.0.0.1:5000\u001b[22m\u001b[24m"}}
[info] i  ui: downloading ui-v1.14.0.zip... {"metadata":{"emulator":{"name":"ui"},"message":"downloading ui-v1.14.0.zip..."}}
[debug] [2025-10-26T12:21:56.287Z] >>> [apiv2][query] GET https://storage.googleapis.com/firebase-preview-drop/emulator/ui-v1.14.0.zip 
[debug] [2025-10-26T12:21:56.399Z] <<< [apiv2][status] GET https://storage.googleapis.com/firebase-preview-drop/emulator/ui-v1.14.0.zip 200
[debug] [2025-10-26T12:21:56.399Z] <<< [apiv2][body] GET https://storage.googleapis.com/firebase-preview-drop/emulator/ui-v1.14.0.zip [stream]
[debug] [2025-10-26T12:21:56.475Z] Data is 3615311
[debug] [2025-10-26T12:21:56.476Z] [unzip] Entry: client/ (compressed_size=0 bytes, uncompressed_size=0 bytes)
[debug] [2025-10-26T12:21:56.476Z] [unzip] Processing entry: client/
[debug] [2025-10-26T12:21:56.476Z] [unzip] mkdir: /home/runner/.cache/firebase/emulators/ui-v1.14.0/client/
[debug] [2025-10-26T12:21:56.476Z] [unzip] Entry: client/favicon-16x16.png (compressed_size=293 bytes, uncompressed_size=293 bytes)
[debug] [2025-10-26T12:21:56.476Z] [unzip] Processing entry: client/favicon-16x16.png
[debug] [2025-10-26T12:21:56.476Z] [unzip] else mkdir: /home/runner/.cache/firebase/emulators/ui-v1.14.0/client
[debug] [2025-10-26T12:21:56.477Z] [unzip] Writing file: /home/runner/.cache/firebase/emulators/ui-v1.14.0/client/favicon-16x16.png
[debug] [2025-10-26T12:21:56.477Z] [unzip] Entry: client/safari-pinned-tab.svg (compressed_size=1433 bytes, uncompressed_size=2611 bytes)
[debug] [2025-10-26T12:21:56.477Z] [unzip] Processing entry: client/safari-pinned-tab.svg
[debug] [2025-10-26T12:21:56.477Z] [unzip] else mkdir: /home/runner/.cache/firebase/emulators/ui-v1.14.0/client
[debug] [2025-10-26T12:21:56.478Z] [unzip] deflating: /home/runner/.cache/firebase/emulators/ui-v1.14.0/client/safari-pinned-tab.svg
[debug] [2025-10-26T12:21:56.481Z] [unzip] Entry: client/favicon.ico (compressed_size=2933 bytes, uncompressed_size=13294 bytes)
[debug] [2025-10-26T12:21:56.481Z] [unzip] Processing entry: client/favicon.ico
[debug] [2025-10-26T12:21:56.481Z] [unzip] else mkdir: /home/runner/.cache/firebase/emulators/ui-v1.14.0/client
[debug] [2025-10-26T12:21:56.481Z] [unzip] deflating: /home/runner/.cache/firebase/emulators/ui-v1.14.0/client/favicon.ico
[debug] [2025-10-26T12:21:56.482Z] [unzip] Entry: client/index.html (compressed_size=1363 bytes, uncompressed_size=3071 bytes)
[debug] [2025-10-26T12:21:56.482Z] [unzip] Processing entry: client/index.html
[debug] [2025-10-26T12:21:56.482Z] [unzip] else mkdir: /home/runner/.cache/firebase/emulators/ui-v1.14.0/client
[debug] [2025-10-26T12:21:56.482Z] [unzip] deflating: /home/runner/.cache/firebase/emulators/ui-v1.14.0/client/index.html
[debug] [2025-10-26T12:21:56.483Z] [unzip] Entry: client/android-chrome-192x192.png (compressed_size=2684 bytes, uncompressed_size=2684 bytes)
[debug] [2025-10-26T12:21:56.483Z] [unzip] Processing entry: client/android-chrome-192x192.png
[debug] [2025-10-26T12:21:56.483Z] [unzip] else mkdir: /home/runner/.cache/firebase/emulators/ui-v1.14.0/client
[debug] [2025-10-26T12:21:56.483Z] [unzip] Writing file: /home/runner/.cache/firebase/emulators/ui-v1.14.0/client/android-chrome-192x192.png
[debug] [2025-10-26T12:21:56.483Z] [unzip] Entry: client/apple-touch-icon.png (compressed_size=2123 bytes, uncompressed_size=2152 bytes)
[debug] [2025-10-26T12:21:56.484Z] [unzip] Processing entry: client/apple-touch-icon.png
[debug] [2025-10-26T12:21:56.484Z] [unzip] else mkdir: /home/runner/.cache/firebase/emulators/ui-v1.14.0/client
[debug] [2025-10-26T12:21:56.484Z] [unzip] deflating: /home/runner/.cache/firebase/emulators/ui-v1.14.0/client/apple-touch-icon.png
[debug] [2025-10-26T12:21:56.484Z] [unzip] Entry: client/android-chrome-512x512.png (compressed_size=5369 bytes, uncompressed_size=5411 bytes)
[debug] [2025-10-26T12:21:56.485Z] [unzip] Processing entry: client/android-chrome-512x512.png
[debug] [2025-10-26T12:21:56.485Z] [unzip] else mkdir: /home/runner/.cache/firebase/emulators/ui-v1.14.0/client
[debug] [2025-10-26T12:21:56.485Z] [unzip] deflating: /home/runner/.cache/firebase/emulators/ui-v1.14.0/client/android-chrome-512x512.png
[debug] [2025-10-26T12:21:56.485Z] [unzip] Entry: client/manifest.json (compressed_size=245 bytes, uncompressed_size=551 bytes)
[debug] [2025-10-26T12:21:56.486Z] [unzip] Processing entry: client/manifest.json
[debug] [2025-10-26T12:21:56.486Z] [unzip] else mkdir: /home/runner/.cache/firebase/emulators/ui-v1.14.0/client
[debug] [2025-10-26T12:21:56.486Z] [unzip] deflating: /home/runner/.cache/firebase/emulators/ui-v1.14.0/client/manifest.json
[debug] [2025-10-26T12:21:56.486Z] [unzip] Entry: client/robots.txt (compressed_size=26 bytes, uncompressed_size=26 bytes)
[debug] [2025-10-26T12:21:56.486Z] [unzip] Processing entry: client/robots.txt
[debug] [2025-10-26T12:21:56.487Z] [unzip] else mkdir: /home/runner/.cache/firebase/emulators/ui-v1.14.0/client
[debug] [2025-10-26T12:21:56.487Z] [unzip] Writing file: /home/runner/.cache/firebase/emulators/ui-v1.14.0/client/robots.txt
[debug] [2025-10-26T12:21:56.487Z] [unzip] Entry: client/mstile-150x150.png (compressed_size=2034 bytes, uncompressed_size=2034 bytes)
[debug] [2025-10-26T12:21:56.487Z] [unzip] Processing entry: client/mstile-150x150.png
[debug] [2025-10-26T12:21:56.487Z] [unzip] else mkdir: /home/runner/.cache/firebase/emulators/ui-v1.14.0/client
[debug] [2025-10-26T12:21:56.487Z] [unzip] Writing file: /home/runner/.cache/firebase/emulators/ui-v1.14.0/client/mstile-150x150.png
[debug] [2025-10-26T12:21:56.488Z] [unzip] Entry: client/assets/ (compressed_size=0 bytes, uncompressed_size=0 bytes)
[debug] [2025-10-26T12:21:56.488Z] [unzip] Processing entry: client/assets/
[debug] [2025-10-26T12:21:56.488Z] [unzip] mkdir: /home/runner/.cache/firebase/emulators/ui-v1.14.0/client/assets/
[debug] [2025-10-26T12:21:56.488Z] [unzip] Entry: client/assets/index-ClZTY_JS.js.map (compressed_size=2328270 bytes, uncompressed_size=9947004 bytes)
[debug] [2025-10-26T12:21:56.488Z] [unzip] Processing entry: client/assets/index-ClZTY_JS.js.map
[debug] [2025-10-26T12:21:56.488Z] [unzip] else mkdir: /home/runner/.cache/firebase/emulators/ui-v1.14.0/client/assets
[debug] [2025-10-26T12:21:56.488Z] [unzip] deflating: /home/runner/.cache/firebase/emulators/ui-v1.14.0/client/assets/index-ClZTY_JS.js.map
[debug] [2025-10-26T12:21:56.557Z] [unzip] Entry: client/assets/index-ClZTY_JS.js (compressed_size=567195 bytes, uncompressed_size=2035940 bytes)
[debug] [2025-10-26T12:21:56.557Z] [unzip] Processing entry: client/assets/index-ClZTY_JS.js
[debug] [2025-10-26T12:21:56.557Z] [unzip] else mkdir: /home/runner/.cache/firebase/emulators/ui-v1.14.0/client/assets
[debug] [2025-10-26T12:21:56.557Z] [unzip] deflating: /home/runner/.cache/firebase/emulators/ui-v1.14.0/client/assets/index-ClZTY_JS.js
[debug] [2025-10-26T12:21:56.571Z] [unzip] Entry: client/assets/index-BdgySamB.css (compressed_size=35979 bytes, uncompressed_size=298654 bytes)
[debug] [2025-10-26T12:21:56.571Z] [unzip] Processing entry: client/assets/index-BdgySamB.css
[debug] [2025-10-26T12:21:56.571Z] [unzip] else mkdir: /home/runner/.cache/firebase/emulators/ui-v1.14.0/client/assets
[debug] [2025-10-26T12:21:56.571Z] [unzip] deflating: /home/runner/.cache/firebase/emulators/ui-v1.14.0/client/assets/index-BdgySamB.css
[debug] [2025-10-26T12:21:56.574Z] [unzip] Entry: client/assets/extensions/ (compressed_size=0 bytes, uncompressed_size=0 bytes)
[debug] [2025-10-26T12:21:56.574Z] [unzip] Processing entry: client/assets/extensions/
[debug] [2025-10-26T12:21:56.574Z] [unzip] mkdir: /home/runner/.cache/firebase/emulators/ui-v1.14.0/client/assets/extensions/
[debug] [2025-10-26T12:21:56.574Z] [unzip] Entry: client/assets/extensions/default-extension.png (compressed_size=1646 bytes, uncompressed_size=1657 bytes)
[debug] [2025-10-26T12:21:56.574Z] [unzip] Processing entry: client/assets/extensions/default-extension.png
[debug] [2025-10-26T12:21:56.574Z] [unzip] else mkdir: /home/runner/.cache/firebase/emulators/ui-v1.14.0/client/assets/extensions
[debug] [2025-10-26T12:21:56.574Z] [unzip] deflating: /home/runner/.cache/firebase/emulators/ui-v1.14.0/client/assets/extensions/default-extension.png
[debug] [2025-10-26T12:21:56.575Z] [unzip] Entry: client/assets/img/ (compressed_size=0 bytes, uncompressed_size=0 bytes)
[debug] [2025-10-26T12:21:56.575Z] [unzip] Processing entry: client/assets/img/
[debug] [2025-10-26T12:21:56.575Z] [unzip] mkdir: /home/runner/.cache/firebase/emulators/ui-v1.14.0/client/assets/img/
[debug] [2025-10-26T12:21:56.575Z] [unzip] Entry: client/assets/img/database.png (compressed_size=29449 bytes, uncompressed_size=29988 bytes)
[debug] [2025-10-26T12:21:56.575Z] [unzip] Processing entry: client/assets/img/database.png
[debug] [2025-10-26T12:21:56.575Z] [unzip] else mkdir: /home/runner/.cache/firebase/emulators/ui-v1.14.0/client/assets/img
[debug] [2025-10-26T12:21:56.575Z] [unzip] deflating: /home/runner/.cache/firebase/emulators/ui-v1.14.0/client/assets/img/database.png
[debug] [2025-10-26T12:21:56.576Z] [unzip] Entry: client/assets/provider-icons/ (compressed_size=0 bytes, uncompressed_size=0 bytes)
[debug] [2025-10-26T12:21:56.576Z] [unzip] Processing entry: client/assets/provider-icons/
[debug] [2025-10-26T12:21:56.576Z] [unzip] mkdir: /home/runner/.cache/firebase/emulators/ui-v1.14.0/client/assets/provider-icons/
[debug] [2025-10-26T12:21:56.576Z] [unzip] Entry: client/assets/provider-icons/auth_service_saml.svg (compressed_size=575 bytes, uncompressed_size=1226 bytes)
[debug] [2025-10-26T12:21:56.576Z] [unzip] Processing entry: client/assets/provider-icons/auth_service_saml.svg
[debug] [2025-10-26T12:21:56.577Z] [unzip] else mkdir: /home/runner/.cache/firebase/emulators/ui-v1.14.0/client/assets/provider-icons
[debug] [2025-10-26T12:21:56.577Z] [unzip] deflating: /home/runner/.cache/firebase/emulators/ui-v1.14.0/client/assets/provider-icons/auth_service_saml.svg
[debug] [2025-10-26T12:21:56.577Z] [unzip] Entry: client/assets/provider-icons/auth_service_phone.svg (compressed_size=261 bytes, uncompressed_size=414 bytes)
[debug] [2025-10-26T12:21:56.577Z] [unzip] Processing entry: client/assets/provider-icons/auth_service_phone.svg
[debug] [2025-10-26T12:21:56.577Z] [unzip] else mkdir: /home/runner/.cache/firebase/emulators/ui-v1.14.0/client/assets/provider-icons
[debug] [2025-10-26T12:21:56.578Z] [unzip] deflating: /home/runner/.cache/firebase/emulators/ui-v1.14.0/client/assets/provider-icons/auth_service_phone.svg
[debug] [2025-10-26T12:21:56.578Z] [unzip] Entry: client/assets/provider-icons/auth_service_facebook.svg (compressed_size=289 bytes, uncompressed_size=457 bytes)
[debug] [2025-10-26T12:21:56.578Z] [unzip] Processing entry: client/assets/provider-icons/auth_service_facebook.svg
[debug] [2025-10-26T12:21:56.578Z] [unzip] else mkdir: /home/runner/.cache/firebase/emulators/ui-v1.14.0/client/assets/provider-icons
[debug] [2025-10-26T12:21:56.578Z] [unzip] deflating: /home/runner/.cache/firebase/emulators/ui-v1.14.0/client/assets/provider-icons/auth_service_facebook.svg
[debug] [2025-10-26T12:21:56.579Z] [unzip] Entry: client/assets/provider-icons/auth_service_game_center.svg (compressed_size=991 bytes, uncompressed_size=3921 bytes)
[debug] [2025-10-26T12:21:56.579Z] [unzip] Processing entry: client/assets/provider-icons/auth_service_game_center.svg
[debug] [2025-10-26T12:21:56.579Z] [unzip] else mkdir: /home/runner/.cache/firebase/emulators/ui-v1.14.0/client/assets/provider-icons
[debug] [2025-10-26T12:21:56.579Z] [unzip] deflating: /home/runner/.cache/firebase/emulators/ui-v1.14.0/client/assets/provider-icons/auth_service_game_center.svg
[debug] [2025-10-26T12:21:56.580Z] [unzip] Entry: client/assets/provider-icons/auth_service_apple.svg (compressed_size=230 bytes, uncompressed_size=334 bytes)
[debug] [2025-10-26T12:21:56.580Z] [unzip] Processing entry: client/assets/provider-icons/auth_service_apple.svg
[debug] [2025-10-26T12:21:56.580Z] [unzip] else mkdir: /home/runner/.cache/firebase/emulators/ui-v1.14.0/client/assets/provider-icons
[debug] [2025-10-26T12:21:56.580Z] [unzip] deflating: /home/runner/.cache/firebase/emulators/ui-v1.14.0/client/assets/provider-icons/auth_service_apple.svg
[debug] [2025-10-26T12:21:56.580Z] [unzip] Entry: client/assets/provider-icons/auth_service_github.svg (compressed_size=466 bytes, uncompressed_size=838 bytes)
[debug] [2025-10-26T12:21:56.581Z] [unzip] Processing entry: client/assets/provider-icons/auth_service_github.svg
[debug] [2025-10-26T12:21:56.581Z] [unzip] else mkdir: /home/runner/.cache/firebase/emulators/ui-v1.14.0/client/assets/provider-icons
[debug] [2025-10-26T12:21:56.581Z] [unzip] deflating: /home/runner/.cache/firebase/emulators/ui-v1.14.0/client/assets/provider-icons/auth_service_github.svg
[debug] [2025-10-26T12:21:56.581Z] [unzip] Entry: client/assets/provider-icons/auth_service_mslive.svg (compressed_size=203 bytes, uncompressed_size=378 bytes)
[debug] [2025-10-26T12:21:56.581Z] [unzip] Processing entry: client/assets/provider-icons/auth_service_mslive.svg
[debug] [2025-10-26T12:21:56.581Z] [unzip] else mkdir: /home/runner/.cache/firebase/emulators/ui-v1.14.0/client/assets/provider-icons
[debug] [2025-10-26T12:21:56.581Z] [unzip] deflating: /home/runner/.cache/firebase/emulators/ui-v1.14.0/client/assets/provider-icons/auth_service_mslive.svg
[debug] [2025-10-26T12:21:56.582Z] [unzip] Entry: client/assets/provider-icons/auth_service_yahoo.svg (compressed_size=577 bytes, uncompressed_size=1182 bytes)
[debug] [2025-10-26T12:21:56.582Z] [unzip] Processing entry: client/assets/provider-icons/auth_service_yahoo.svg
[debug] [2025-10-26T12:21:56.582Z] [unzip] else mkdir: /home/runner/.cache/firebase/emulators/ui-v1.14.0/client/assets/provider-icons
[debug] [2025-10-26T12:21:56.582Z] [unzip] deflating: /home/runner/.cache/firebase/emulators/ui-v1.14.0/client/assets/provider-icons/auth_service_yahoo.svg
[debug] [2025-10-26T12:21:56.583Z] [unzip] Entry: client/assets/provider-icons/auth_service_twitter.svg (compressed_size=444 bytes, uncompressed_size=751 bytes)
[debug] [2025-10-26T12:21:56.583Z] [unzip] Processing entry: client/assets/provider-icons/auth_service_twitter.svg
[debug] [2025-10-26T12:21:56.583Z] [unzip] else mkdir: /home/runner/.cache/firebase/emulators/ui-v1.14.0/client/assets/provider-icons
[debug] [2025-10-26T12:21:56.583Z] [unzip] deflating: /home/runner/.cache/firebase/emulators/ui-v1.14.0/client/assets/provider-icons/auth_service_twitter.svg
[debug] [2025-10-26T12:21:56.583Z] [unzip] Entry: client/assets/provider-icons/auth_service_play_games.svg (compressed_size=565 bytes, uncompressed_size=1173 bytes)
[debug] [2025-10-26T12:21:56.584Z] [unzip] Processing entry: client/assets/provider-icons/auth_service_play_games.svg
[debug] [2025-10-26T12:21:56.584Z] [unzip] else mkdir: /home/runner/.cache/firebase/emulators/ui-v1.14.0/client/assets/provider-icons
[debug] [2025-10-26T12:21:56.584Z] [unzip] deflating: /home/runner/.cache/firebase/emulators/ui-v1.14.0/client/assets/provider-icons/auth_service_play_games.svg
[debug] [2025-10-26T12:21:56.584Z] [unzip] Entry: client/assets/provider-icons/auth_service_email.svg (compressed_size=228 bytes, uncompressed_size=326 bytes)
[debug] [2025-10-26T12:21:56.584Z] [unzip] Processing entry: client/assets/provider-icons/auth_service_email.svg
[debug] [2025-10-26T12:21:56.584Z] [unzip] else mkdir: /home/runner/.cache/firebase/emulators/ui-v1.14.0/client/assets/provider-icons
[debug] [2025-10-26T12:21:56.585Z] [unzip] deflating: /home/runner/.cache/firebase/emulators/ui-v1.14.0/client/assets/provider-icons/auth_service_email.svg
[debug] [2025-10-26T12:21:56.585Z] [unzip] Entry: client/assets/provider-icons/auth_service_google.svg (compressed_size=409 bytes, uncompressed_size=720 bytes)
[debug] [2025-10-26T12:21:56.585Z] [unzip] Processing entry: client/assets/provider-icons/auth_service_google.svg
[debug] [2025-10-26T12:21:56.585Z] [unzip] else mkdir: /home/runner/.cache/firebase/emulators/ui-v1.14.0/client/assets/provider-icons
[debug] [2025-10-26T12:21:56.585Z] [unzip] deflating: /home/runner/.cache/firebase/emulators/ui-v1.14.0/client/assets/provider-icons/auth_service_google.svg
[debug] [2025-10-26T12:21:56.586Z] [unzip] Entry: client/assets/provider-icons/auth_service_oidc.svg (compressed_size=414 bytes, uncompressed_size=858 bytes)
[debug] [2025-10-26T12:21:56.586Z] [unzip] Processing entry: client/assets/provider-icons/auth_service_oidc.svg
[debug] [2025-10-26T12:21:56.586Z] [unzip] else mkdir: /home/runner/.cache/firebase/emulators/ui-v1.14.0/client/assets/provider-icons
[debug] [2025-10-26T12:21:56.586Z] [unzip] deflating: /home/runner/.cache/firebase/emulators/ui-v1.14.0/client/assets/provider-icons/auth_service_oidc.svg
[debug] [2025-10-26T12:21:56.586Z] [unzip] Entry: client/browserconfig.xml (compressed_size=491 bytes, uncompressed_size=822 bytes)
[debug] [2025-10-26T12:21:56.587Z] [unzip] Processing entry: client/browserconfig.xml
[debug] [2025-10-26T12:21:56.587Z] [unzip] else mkdir: /home/runner/.cache/firebase/emulators/ui-v1.14.0/client
[debug] [2025-10-26T12:21:56.587Z] [unzip] deflating: /home/runner/.cache/firebase/emulators/ui-v1.14.0/client/browserconfig.xml
[debug] [2025-10-26T12:21:56.587Z] [unzip] Entry: client/favicon-32x32.png (compressed_size=475 bytes, uncompressed_size=475 bytes)
[debug] [2025-10-26T12:21:56.587Z] [unzip] Processing entry: client/favicon-32x32.png
[debug] [2025-10-26T12:21:56.587Z] [unzip] else mkdir: /home/runner/.cache/firebase/emulators/ui-v1.14.0/client
[debug] [2025-10-26T12:21:56.588Z] [unzip] Writing file: /home/runner/.cache/firebase/emulators/ui-v1.14.0/client/favicon-32x32.png
[debug] [2025-10-26T12:21:56.588Z] [unzip] Entry: server/ (compressed_size=0 bytes, uncompressed_size=0 bytes)
[debug] [2025-10-26T12:21:56.588Z] [unzip] Processing entry: server/
[debug] [2025-10-26T12:21:56.588Z] [unzip] mkdir: /home/runner/.cache/firebase/emulators/ui-v1.14.0/server/
[debug] [2025-10-26T12:21:56.588Z] [unzip] Entry: server/server.mjs.map (compressed_size=296496 bytes, uncompressed_size=1355667 bytes)
[debug] [2025-10-26T12:21:56.588Z] [unzip] Processing entry: server/server.mjs.map
[debug] [2025-10-26T12:21:56.588Z] [unzip] else mkdir: /home/runner/.cache/firebase/emulators/ui-v1.14.0/server
[debug] [2025-10-26T12:21:56.588Z] [unzip] deflating: /home/runner/.cache/firebase/emulators/ui-v1.14.0/server/server.mjs.map
[debug] [2025-10-26T12:21:56.601Z] [unzip] Entry: server/server.mjs (compressed_size=315701 bytes, uncompressed_size=1172682 bytes)
[debug] [2025-10-26T12:21:56.601Z] [unzip] Processing entry: server/server.mjs
[debug] [2025-10-26T12:21:56.601Z] [unzip] else mkdir: /home/runner/.cache/firebase/emulators/ui-v1.14.0/server
[debug] [2025-10-26T12:21:56.601Z] [unzip] deflating: /home/runner/.cache/firebase/emulators/ui-v1.14.0/server/server.mjs
[debug] [2025-10-26T12:21:56.608Z] [unzip] Entry: server/assets/ (compressed_size=0 bytes, uncompressed_size=0 bytes)
[debug] [2025-10-26T12:21:56.609Z] [unzip] Processing entry: server/assets/
[debug] [2025-10-26T12:21:56.609Z] [unzip] mkdir: /home/runner/.cache/firebase/emulators/ui-v1.14.0/server/assets/
[debug] [2025-10-26T12:21:56.609Z] [unzip] Entry: server/assets/multipart-parser-DGCUZdXu.mjs.map (compressed_size=4791 bytes, uncompressed_size=17918 bytes)
[debug] [2025-10-26T12:21:56.609Z] [unzip] Processing entry: server/assets/multipart-parser-DGCUZdXu.mjs.map
[debug] [2025-10-26T12:21:56.609Z] [unzip] else mkdir: /home/runner/.cache/firebase/emulators/ui-v1.14.0/server/assets
[debug] [2025-10-26T12:21:56.609Z] [unzip] deflating: /home/runner/.cache/firebase/emulators/ui-v1.14.0/server/assets/multipart-parser-DGCUZdXu.mjs.map
[debug] [2025-10-26T12:21:56.610Z] [unzip] Entry: server/assets/multipart-parser-DGCUZdXu.mjs (compressed_size=2621 bytes, uncompressed_size=10390 bytes)
[debug] [2025-10-26T12:21:56.610Z] [unzip] Processing entry: server/assets/multipart-parser-DGCUZdXu.mjs
[debug] [2025-10-26T12:21:56.610Z] [unzip] else mkdir: /home/runner/.cache/firebase/emulators/ui-v1.14.0/server/assets
[debug] [2025-10-26T12:21:56.610Z] [unzip] deflating: /home/runner/.cache/firebase/emulators/ui-v1.14.0/server/assets/multipart-parser-DGCUZdXu.mjs
[debug] [2025-10-26T12:21:56.615Z] Could not find VSCode notification endpoint: FetchError: request to http://localhost:40001/vscode/notify failed, reason: . If you are not running the Firebase Data Connect VSCode extension, this is expected and not an issue.
[info] 
┌─────────────────────────────────────────────────────────────┐
│ ✔  All emulators ready! It is now safe to connect your app. │
│ i  View Emulator UI at http://127.0.0.1:4000/               │
└─────────────────────────────────────────────────────────────┘

┌────────────────┬────────────────┬─────────────────────────────────┐
│ Emulator       │ Host:Port      │ View in Emulator UI             │
├────────────────┼────────────────┼─────────────────────────────────┤
│ Authentication │ 127.0.0.1:9099 │ http://127.0.0.1:4000/auth      │
├────────────────┼────────────────┼─────────────────────────────────┤
│ Firestore      │ 127.0.0.1:8080 │ http://127.0.0.1:4000/firestore │
├────────────────┼────────────────┼─────────────────────────────────┤
│ Hosting        │ 127.0.0.1:5000 │ n/a                             │
└────────────────┴────────────────┴─────────────────────────────────┘
  Emulator Hub host: 127.0.0.1 port: 4400
  Other reserved ports: 4500, 9150

Issues? Report them at https://github.com/firebase/firebase-tools/issues and attach the *-debug.log files.
 
[debug] [2025-10-26T12:23:10.118Z] Oct 26, 2025 12:23:10 PM io.gapi.emulators.netty.HttpVersionRoutingHandler channelRead
INFO: Detected non-HTTP/2 connection.
 {"metadata":{"emulator":{"name":"firestore"},"message":"Oct 26, 2025 12:23:10 PM io.gapi.emulators.netty.HttpVersionRoutingHandler channelRead\nINFO: Detected non-HTTP/2 connection.\n"}}
[debug] [2025-10-26T12:23:10.233Z] Multiple projectIds are not recommended in single project mode. Requested project ID dobutsu-stationery-6b227, but the emulator is configured for demo-test-project. To opt-out of single project mode add/set the '"singleProjectMode": false' property in the firebase.json emulators config.
 {"metadata":{"emulator":{"name":"firestore"},"message":"Multiple projectIds are not recommended in single project mode. Requested project ID dobutsu-stationery-6b227, but the emulator is configured for demo-test-project. To opt-out of single project mode add/set the '\"singleProjectMode\": false' property in the firebase.json emulators config.\n"}}
[debug] [2025-10-26T12:23:11.466Z] Oct 26, 2025 12:23:11 PM io.gapi.emulators.netty.HttpVersionRoutingHandler channelRead
INFO: Detected non-HTTP/2 connection.
 {"metadata":{"emulator":{"name":"firestore"},"message":"Oct 26, 2025 12:23:11 PM io.gapi.emulators.netty.HttpVersionRoutingHandler channelRead\nINFO: Detected non-HTTP/2 connection.\n"}}
[debug] [2025-10-26T12:23:56.496Z] Oct 26, 2025 12:23:56 PM io.gapi.emulators.netty.HttpVersionRoutingHandler channelRead
INFO: Detected non-HTTP/2 connection.
 {"metadata":{"emulator":{"name":"firestore"},"message":"Oct 26, 2025 12:23:56 PM io.gapi.emulators.netty.HttpVersionRoutingHandler channelRead\nINFO: Detected non-HTTP/2 connection.\n"}}
[debug] [2025-10-26T12:24:41.530Z] Oct 26, 2025 12:24:41 PM io.gapi.emulators.netty.HttpVersionRoutingHandler channelRead
INFO: Detected non-HTTP/2 connection.
 {"metadata":{"emulator":{"name":"firestore"},"message":"Oct 26, 2025 12:24:41 PM io.gapi.emulators.netty.HttpVersionRoutingHandler channelRead\nINFO: Detected non-HTTP/2 connection.\n"}}
[debug] [2025-10-26T12:25:26.548Z] Oct 26, 2025 12:25:26 PM io.gapi.emulators.netty.HttpVersionRoutingHandler channelRead
INFO: Detected non-HTTP/2 connection.
 {"metadata":{"emulator":{"name":"firestore"},"message":"Oct 26, 2025 12:25:26 PM io.gapi.emulators.netty.HttpVersionRoutingHandler channelRead\nINFO: Detected non-HTTP/2 connection.\n"}}
